0000000000000000000000000000000000000000000000000000000000000000000000000110111000000000000000000000
0111001100000000000000111111100000000000000000000000000000000000000000000000111011111111111000000000
0111001101110000000000111111100000111111111111100000000000000000000000000000111011111111111000000000
0111001101110111111110111111100000111111111111100000000000000000000000000000111011111111111000000000
0111001101110000000000000000000000000000000000001111011111111111100000001110111011111111111000000000
0000001101110111111111111111111111111111100000001111000000000000000000001110111011111111111000000000
0000001101110111111111111111111111111111100000001111011101111111111110001110111011111111111000000000
0000000000000000000000000000000000000000000000001111011101111111111110001110111011111111111000000000
0011111111111100000000000000000000000000000000000000011101111111111110001110111011111111111000000000
0011111111111100011111100000000000000000000011111111011101111111111110001110111011111111111000000000
0011111111111100011111100000000000000011101011111111011101111111111110001110111011111111111000000000
0011111111111100011111100000000000000011101011111111011101111111111110001110111011111111111000000000
0011111111111100000000000000000000000011101011111111011101111111111110000000000000000000000000000000
0011111111111100111111100000111000000000000000000000000000000000000000111111111111111111100001110011
0011111111111100111111100000111000000111011111111111111111111111111000111111111111111111100001110011
0011111111111100111111100000111000000000011111111111111111111111111000111111111111111111100001110011
0011111111111100000000000000111011111000011111111111111111111111111000111111111111111111100001110000
0011111111111101000000000000111011111000011111111111111111111111111000111111111111111111100000000000
0011111111111100000000000000111011111000011111111111111111111111111000111111111111111111100000000000
0011111111111100000000000000111011111000011111111111111111111111111000000000000000000000000000000000
0011111111111100000000000000111011111000011111111111111111111111111000000111111111111111111111111111
0011111111111100111111110110111000000011011111111111111111111111111000000000000000000000000000000000
0011111111111100111111110110000000111011011111111111111111111111111000000011111000000000000000000000
0011111111111100111111110110011110000011011111111111111111111111111000000011111000000000000000000000
0011111111111100111111110110011110001011011111111111111111111111111000000011111000000000000000000000
0000000000000000111111110000000000000011011111111111111111111111111000000011111000000000000000000000
0000000000000000111111110001111100000011011111111111111111111111111000000011111000000000000000000000
0000000000011110111111110001111100000011011111111111111111111111111000000011111000001111111111111100
0000000000011110111111110001111100000000011111111111111111111111111000000011111000001111111111111100
0000000000000000000000000000000000001111011111111111111111111111111000000000000000101111111111111100
0000000011111100000000000000111111101111011111111111111111111111111000000000000000001111111111111100
0000000011111100000000000000111111101111011111111111111111111111111000000111111111101111111111111100
0000000000000000000000000000000000001111011111111111111111111111111000000000000000000000000000000000
0000001111111111111111111111111111101111011111111111111111111111111000001111111111111111111111111111
0000001111111111111111111111111111100000000000000000000000000000000000101111111111111111111111111111
0000001111111111111111111111111111100111111111111111111000000000000000101111111111111111111111111111
0000001111111111111111111111111111100111111111111111111000000000000000101111111111111111111111111111
0000001111111111111111111111111111100111111111111111111000000000100000101111111111111111111111111111
0000001111111111111111111111111111100111111111111111111000000000100000101111111111111111111111111111
0000001111111111111111111111111111100111111111111111111000000000100000101111111111111111111111111111
0000001111111111111111111111111111100111111111111111111000000000100000101111111111111111111111111111
0000000000000000000000000000000000000111111111111111111000000000000000000000000000000000000000000000
0111111111111111111111111111111111110111111111111111111000000000000111111111111111111111111100000000
0111111111111111111111111111111111110111111111111111111000111111110111111111111111111111111100000000
0111111111111111111111111111111111110111111111111111111000111111110111111111111111111111111100000111
0111111111111111111111111111111111110111111111111111111000111111110111111111111111111111111100000111
0111111111111111111111111111111111110111111111111111111000111111110111111111111111111111111100000111
0111111111111111111111111111111111110111111111111111111000111111110111111111111111111111111100000111
0111111111111111111111111111111111110111111111111111111000000000000000000000000000000000000000000111
0111111111111111111111111111111111110111111111111111111011111111111000000000000000000000000000000111
0111111111111111111111111111111111110111111111111111111011111111111000000111111110000000000000000000
0111111111111111111111111111111111110111111111111111111011111111111000110111111110000111111111111100
0111111111111111111111111111111111110111111111111111111011111111111010110111111110000111111111111100
0111111111111111111111111111111111110111111111111111111011111111111010110111111110000000000000000000
0111111111111111111111111111111111110111111111111111111011111111111010110111111110111111111111111111
0111111111111111111111111111111111110111111111111111111000000000000000110111111110111111111111111111
0111111111111111111111111111111111110111111111111111111000000111111100000000000000111111111111111111
0111111111111111111111111111111111110111111111111111111000000111111100111111111110111111111111111111
0111111111111111111111111111111111110111111111111111111000000111111100111111111110111111111111111111
0111111111111111111111111111111111110111111111111111111000000111111100000000000000111111111111111111
0111111111111111111111111111111111110111111111111111111000000000000001000000000000111111111111111111
0111111111111111111111111111111111110111111111111111111001111111000000000000000000111111111111111111
0111111111111111111111111111111111110111111111111111111001111111000000000000000000111111111111111111
0111111111111111111111111111111111110111111111111111111001111111000000001000000000111111111111111111
0111111111111111111111111111111111110111111111111111111001111111000000001010000000111111111111111111
0111111111111111111111111111111111110111111111111111111001111111000000001010000000111111111111111111
0111111111111111111111111111111111110111111111111111111001111111010000001010000010111111111111111111
0111111111111111111111111111111111110111111111111111111001111111000000001010000010111111111111111111
0111111111111111111111111111111111110111111111111111111001111111000110001000110000111111111111111111
0111111111111111111111111111111111110111111111111111111000000000000110001000000110111111111111111111
0111111111111111111111111111111111110111111111111111111000000000000110001000110110111111111111111111
0111111111111111111111111111111111110111111111111111111000000000000110001000000110111111111111111111
0111111111111111111111111111111111110111111111111111111000000000010110001001110110111111111111111111
0111111111111111111111111111111111110111111111111111111000000000010000001001110110111111111111111111
0111111111111111111111111111111111110111111111111111111001111000010000001001110110111111111111111111
0111111111111111111111111111111111110111111111111111111000000000000000000001110110111111111111111111
0111111111111111111111111111111111110111111111111111111011111011111111111001110110111111111111111111
0111111111111111111111111111111111110111111111111111111011111011111111111000000000111111111111111111
0000000000000000000000000000000000000111111111111111111000000000000000000011111110111111111111111111
0000000000000000000000000000001110000111111111111111111000001111111000000011111110111111111111111111
0000000000000000000000000000001110000111111111111111111000001111111000000000000000111111111111111111
0000000000000000000000000000001110000111111111111111111000001111111000000000110000111111111111111111
0000011111111111111111111000001110000111111111111111111000001111111000000000000000111111111111111111
0000000000000000000000000000000000000111111111111111111000001111111000000000000000111111111111111111
0000111100000001100000000000000010000111111111111111111000001111111010111111111000111111111111111111
0000111100000000000000000000000010000111111111111111111000000000000000111111111000111111111111111111
0000111100000000000000000000000010000111111111111111111000000000000000111111111000111111111111111111
0000111101100000000000000000000010000111111111111111111000000000000010111111111000111111111111111111
0000111101100000000000000000000010000111111111111111111000000000000000111111111000111111111111111111
0000111101100000000001111111110000000111111111111111111000000000011000111111111000111111111111111111
0000111101100000000001111111110000000111111111111111111011111111000000111111111000111111111111111111
0000111101100000111101111111110111110111111111111111111011111111000000000000000000111111111111111111
0000111100000010111101111111110111110111111111111111111011111111001111111111111110111111111111111111
0000000000000000000000000000000000000111111111111111111000000000001111111111111110111111111111111111
0000000010111111111111111111111111110111111111111111111000001111101111111111111110111111111111111111
0000000010111111111111111111111111110111111111111111111000001111101111111111111110111111111111111111
0000000010111111111111111111111111110111111111111111111000001111101111111111111110111111111111111111
0000000010111111111111111111111111110111111111111111111000001111101111111111111110111111111111111111
0111111010111111111111111111111111110111111111111111111000001111101111111111111110111111111111111111
0111111010111111111111111111111111110111111111111111111000001111101111111111111110111111111111111111
