000100000000000000000000000001
000001111011111111111111111100
100101111000000000000000000000
000001111000000001010000010101
011101111010000000100000000000
011101111000000000000001000101
011101111010000000000100000000
011101111000011111010000000000
011101111010000000000000000101
011101111000000111110100001000
011101111000000111110000000000
011101111010010111110101101001
011101111000000111110000001000
011101111001010000000000000000
011101111000000000011111111001
011101111001110001011111111000
011101111000000000011111111001
011101111011111100011111111000
011101111011111100011111111001
011101111011111100011111111000
011101111011111101011111111000
011101111011111101000000000000
011101111011111100010100010101
011101111011111100000010100000
011101111011111101010000000101
011100000011111100000001100000
011100000011111100011101100001
000001001011111101011101100010
111000000011111100000001100001
111001000011111101001001101010
