00000001000000000000011010000001000
00100000100010110101000000000010010
00000000001000000000000010000000000
01111111100010000000001100010100010
00000000000000010100000000000001000
00000110001000000000000000100100001
00111000000000111111111100000000000
00111000010000111111111101010101001
00111000000110111111111100000000000
10000001000110111111111101010101011
00000000010110111111111100000000011
00000000000110111111111100011111011
10010100000110111111111101011111011
00000000010110111111111100011111011
10000000000110111111111100011111011
01000101010110111111111101000000011
00000000000110111111111101000000011
00001001000110111111111100000100011
00000000100000111111111101010001011
01000000000100111111111100000000011
00001010100010111111111101010101011
01000000000000000000000000000000000
00000010010111111111111111111111111
10000000000111111111111111111111111
00100100000111111111111111111111111
00000000000111111111111111111111111
10010010010111111111111111111111111
00000000100111111111111111111111111
00010000000111111111111111111111111
00100001000111111111111111111111111
00010101010111111111111111111111111
01000000000111111111111111111111111
00000001000111111111111111111111111
00000000000111111111111111111111111
00100101000111111111111111111111111
