0000000000000000000000000000000000000000000000011111111111111110000000000000000001111111111111111111
0000000000000000000000000100000000001111111111011111111111111110000000000000000001111111111111111111
0000000000000000000000000100000000000000000000011111111111111110000000000000000001111111111111111111
0000000000000000000000000000000011111111111110000000000000000000000000000001111101111111111111111111
0000000000000000000000000000000011111111111110001111111110000000000000000001111101111111111111111111
0000000000000000000000000000000011111111111110001111111110000000000111100000000001111111111111111111
0000000000000000000000000000000011111111111110101111111110000000000111100001111101111111111111111111
0000000000000000000000000000000011111111111110101111111110000000000111100001111101111111111111111111
0000000000000000000000000000000011111111111110101111111110000000000111100001111101111111111111111111
0000000000000000000000000000000011111111111110101111111110000000000000000001111100000000000000000000
0000000000000000000000000000000011111111111110101111111110000000000000000001111100000000000000001111
0000000000000000000000000000000011111111111110101111111110000000000000000001111100000000000000001111
0000000000000000000000000000000011111111111110101111111110000000000000000001111100000000000000101111
0000000000000000000000000000001011111111111110101111111110000000000000000001111100000000000000101111
0000000000000000000000000000001011111111111110101111111110000000000000000001111100000000000000101111
0000000000000000000000000000001011111111111110101111111110000000001111111101111100011100000000001111
0000000000000000000000000000001011111111111110101111111110000000000000000000000000011100000000001111
0000000000000000000000000000001011111111111110101111111110000000001111110111111000011100000011101111
0000000011110111111111100000001011111111111110001111111110011111101111110111111000011100000011101111
0000000011110111111111100000000011111111111110000000000000000000000000000111111000000000000011101111
0000000011110111111111100000011011111111111110000000110000000001111111000111111000000000111011101111
0000000011110111111111100000011011111111111110000000000000000001111111000111111000000000000011101111
0000000011110111111111100000011011111111111110000000000000000001111111000111111000000001100011101111
0000000011110111111111100000000011111111111110000011000000000000000000000111111000000001100011101111
0000000011110000000000000000000011111111111110000000000000000000000000000111111000000001100011101111
0000000011110000000000000000000011111111111110000000000001111111111111110111111000000001100011101111
0000000000000000000000000011000011111111111110000000000001111111111111110000000000000001100011101111
0000000111111111111111110011000011111111111110000000000001111111111111110000000000000000000011100000
0000000111111111111111110011000011111111111110011111111101111111111111110000000000000000000000000000
0000000111111111111111110011000011111111111110011111111101111111111111110000000000000000000000000000
0001110111111111111111110000000011111111111110000000000001111111111111110000010000000000000000000000
0000000111111111111111110010000011111111111110000111100001111111111111110000010000100000011111110000
0000000111111111111111110010000011111111111110000111100001111111111111110000010000100000011111110000
0000000111111111111111110010011011111111111110000000000001111111111111110000010000100000011111110111
0000000111111111111111110010011011111111111110000011111101111111111111110000000010000000011111110111
0000000111111111111111110000011011111111111110000011111101111111111111110000000010000000000000000111
0000000111111111111111110000011011111111111110000011111101111111111111110101100010001111111111110111
0000000111111111111111110000011011111111111110000011111101111111111111110101100010001111111111110111
0000000111111111111111110000011011111111111110001011111101111111111111110000000000000000000000000000
0000000000000000000000000000000011111111111110001011111101111111111111110111111111111111111111111111
0011111111111111111111111111111011111111111110001011111101111111111111110111111111111111111111111111
0011111111111111111111111111111011111111111110001011111101111111111111110111111111111111111111111111
0000000000000000000000000000000011111111111110001011111101111111111111110111111111111111111111111111
0000111111000000000000000000000011111111111110001011111101111111111111110111111111111111111111111111
1110111111000000000000111111111011111111111110001011111101111111111111110111111111111111111111111111
1110111111000000000000111111111000000000000000001011111101111111111111110111111111111111111111111111
1110111111000000111100000000000000000000000000000011111101111111111111110111111111111111111111111111
1110111111000000111100001111111100000000000000011011111101111111111111110111111111111111111111111111
1110111111000000000000001111111100000000000000000000000001111111111111110111111111111111111111111111
1110111111000000000000001111111100000011111111111111011101111111111111110111111111111111111111111111
1110111111000000010000001111111100000011111111111111011101111111111111110111111111111111111111111111
1110111111000000000000001111111100000011111111111111011101111111111111110111111111111111111111111111
1110111111001111111111101111111100000011111111111111011101111111111111110111111111111111111111111111
1110111111001111111111101111111100000011111111111111011101111111111111110111111111111111111111111111
1110111111001111111111101111111100000011111111111111011100000000000000000000000000000000000000000000
1110000000001111111111101111111100000011111111111111011101110000000000000000111111111000000000000000
1110000000001111111111101111111100111011111111111111011100000000000000000000111111111000000000000000
1110000000001111111111101111111100111011111111111111011100000000000000000000111111111000000000000000
1110000000001111111111100000000000111011111111111111011100000000000000000000000000000000000000000000
1110000000001111111111100000000000111011111111111111011100000000000000000000000000000000000111011111
1110000011101111111111100000000000111011111111111111011100000000000000000000000000011111110111011111
1110000011101111111111100000000000111011111111111111011100000000000000000000000000011111110111011111
1110000011101111111111100000000000000011111111111111000000000000000000000000000000011111110111011111
1110000011101111111111100111111111111011111111111111011111111111000000000000000000011111110111011111
1110000000001111111111100111111111111011111111111111011111111111000000000000000000011111110111011111
1110000000001111111111100111111111111011111111111111011111111111010000000000000000000000000111011111
1110000000001111111111100111111111111000000000000000011111111111010000000000000000001000000111011111
1110000000001111111111100111111111111000000111111111011111111111010000001100000000001000000111011111
1110000000001111111111100111111111111000000111111111011111111111010000000000000000000000000000000000
1110000000001111111111100111111111111000000000000000011111111111010000000000000000000000001111111111
1110000000000000000000000000000000000001111111000000011111111111000000000000001100000000001111111111
1110000000000000000000111111111110000001111111000000011111111111000000000000001100000000001111111111
1110000000000000000000111111111110000001111111000000011111111111000001111110001100000000001111111111
1110000000001000000000111111111110000001111111010000011111111111000001111110000000000000001111111111
1110000000000000000000111111111110001001111111010000011111111111000001111110000011111111101111111111
1110000000000000000000111111111110001001111111000000011111111111000001111110111011111111101111111111
1110000000000000000000111111111110000001111111000000011111111111000001111110111011111111101111111111
1110000000000000000000000000000000111101111111000000011111111111000001111110111011111111101111111111
1110001111111000000000110111111110111101111111000000011111111111000001111110111011111111101111111111
1110001111111000000000110111111110111101111111000000011111111111000001111110111011111111101111111111
1110001111111000000000000111111110111100000000000000011111111111000001111110111011111111101111111111
1110000000000001111111110111111110111100000111111000011111111111000001111110111000000000001111111111
1110000000000001111111110111111110111100000111111000011111111111000001111110111000000000001111111111
0000000001000001111111110111111110000000000111111000011111111111000101111110111000000000001111111111
0000000000000001111111110111111110000000000111111000011111111111000101111110111000000000001111111111
0111111111100001111111110111111110000000000111111000011111111111000101111110111000000000001111111111
0111111111100001111111110000000000000000000111111000011111111111000001111110111000000000000000000000
0111111111100001111111110000000000000000000111111000011111111111000001111110111000000000111111111111
0111111111100001111111110000000000000000000111111000000000000000000000000000000000000000111111111111
0111111111100001111111110000000001000000000111111000000000000001111111111111111111111110111111111111
0111111111100001111111110000000001000000000000000000000000000001111111111111111111111110111111111111
0111111111100001111111110000000000000000000000000000000000000001111111111111111111111110111111111111
0111111111100001111111110001100000000000000111110000000000111101111111111111111111111110111111111111
0111111111100001111111110000000000000000000111110000000000000000000000000000000000000000111111111111
0111111111100001111111110000000000000000000111110000000001111111111111111111111110000000111111111111
0000000000000001111111110000000000101111110111110000000001111111111111111111111110000000111111111111
0000000000000001111111110000000000001111110111110000000001111111111111111111111110000000111111111111
0000000000000000000000000111111111101111110111110000000001111111111111111111111110000000111111111111
0000000011111111111111110111111111101111110111110000000001111111111111111111111110000000111111111111
0000000011111111111111110111111111101111110111110000000001111111111111111111111110000000111111111111
