000000000010010100101001010101001011010100000
011111001000000000000000000000000011000000101
011111000000100000101111101100101011001100000
011111001000001000001111100001000011000000100
011111000000000000001111100010000011000000000
011111001000001001001111100000000011000100001
000000000000001000001111100001000011000100001
010100001100001000001111100010000011000000001
000000001100001000101111101001101011010001000
010100001100000000000000000000000000000000000
000000001101111111111111111111111111111110101
000100001101111111111111111111111111111110000
100000001101111111111111111111111111111110000
010100010000000000000000000000000000000000000
000000010000000011111111111111111111111110000
101100010001111011111111111111111111111110100
001100010001111011111111111111111111111110100
101100010001111011111111111111111111111110000
001100010000000000000000000000000000000000100
101100010000000000000000111100000000000000001
001100010000100000000000111100010010000000100
101100010001000000000000111100000000100000001
001100000000000000000000111100010010001010000
101101010000000000000000000000000000000000000
001101000000100000000000000000010000011100000
101101000000000000000000000000010000011100000
001101010001100001111111000000000000000000000
001101000001100001111111000000000010000000000
101100100001100001111111000000000000000000100
001101000001100001111111000000000000000000100
001100000000000001111111000000000000000000000
101101000000100001111111000000000000000000010
101100000000001110000000000000000000000000000
101101000000101110000000000000010101001011111
101101000000000000000000000000000000000011111
101101000000000000110000000000001111111000000
101101000000000010110000001000001111111011000
101101000000100000000000100000000000000000010
101101000000100000000000000000010111001010000
101101000000100000000000000001000111000000000
101100100000000000000001011100010111001011010
101100100000100000000000011100000111000000000
001100000000000000000000000000000111000001010
101101000000000000000001111111010111000000000
001100100000101000100101111111000111001001001
