0000000000000000000000000000000000000000000000000000000000000000000000000000011111111111111000000000
0000000000000000000000000000000000000000000000000011111100000000000000000000011111111111111000000000
0000000000000001100000010000000000000000000000000011111100000001111111100000011111111111111000000000
0000000000000001100000000000000000000010000000000011111100000001111111100000000000000000000000000000
0000000000000001100000000000000000000010000000000011111100000001111111101111111111111111111111111111
0000000000000000000000000000000000000010000000000011111100000001111111101111111111111111111111111111
0000000000000000000011111110000000000010000000000000000000000000000000001111111111111111111111111111
0000000000000000000011111110000000000010111111111111111111111111110000001111111111111111111111111111
0000000000000000000000000000111000000010111111111111111111111111110000001111111111111111111111111111
0001000000000000000011111110111000000010111111111111111111111111110000001111111111111111111111111111
0000000000011000000011111110111000000010111111111111111111111111110000000000000000000000000000000000
0000000000011000000011111110111000000010111111111111111111111111110000000000000000000111111111111001
0000000000011000000011111110000000000010111111111111111111111111110000000000000000000111111111111000
0000000000011000000011111110000000000010111111111111111111111111110000000000000000000111111111111000
0000000000000000000011111110000000000010111111111111111111111111110000000000000000000111111111111000
0000000000000000000011111110000001111010111111111111111111111111110000000000000110000111111111111001
0000000000000000000011111110000001111010111111111111111111111111110000000000000110000111111111111001
0000000000000000000000000000000001111010111111111111111111111111110000000000000110000111111111111001
0000000000000000000000000000000001111010111111111111111111111111110000000000000110010111111111111001
0000000000000000000000000000000001111010111111111111111111111111110000000000000110010111111111111001
0000000000000000000000000000000001111010111111111111111111111111110000000000000110010111111111111001
0000000000000000000000000000000001111010111111111111111111111111110000000000000000010111111111111001
0000000000000000000000000000000001111010111111111111111111111111110001111111000000010111111111111000
0000000000000000000000000000000000000000111111111111111111111111110001111111000000010111111111111011
0000000000000000000000000111111011111110111111111111111111111111110001111111000000010111111111111011
1111100000000000011111000111111011111110111111111111111111111111110001111111000000010111111111111011
1111100000000000011111000111111011111110111111111111111111111111110001111111000000010111111111111011
1111100000000000011111000111111011111110111111111111111111111111110001111111000000010000000000000011
1111100000111111011111000111111011111110111111111111111111111111110001111111000000010000000000000011
0000000000111111011111000000000011111110111111111111111111111111110001111111000000010111000000000011
0000000000111111000000001000000011111110111111111111111111111111110001111111000000010111000000000011
0000000000000000000000001000000011111110111111111111111111111111110001111111000000010111000000000011
0111111111100000000000000000000011111110000000000000000000000000000001111111000000010111000000000011
0111111111100000000000000000000011111110000000000000000000000000000001111111000000000111000011111011
0111111111100000000000000000000011111110000000000000000000000000000001111111011111110000000000000011
0111111111100000000000000000000011111110000000000000000000000000001001111111011111110000001111111011
0000000000000000000000000000000011111110000000000000000000000000001000000000011111110000001111111011
0000000000011000000000000000000011111110000000000000000000000000001000011111011111110000001111111011
0000000000011000000000000000000000000000000000000000000000011100000000011111011111110000101111111011
0000000000000000000000111110000000000000000000000000000000011100000000011111011111110000101111111011
0000000000000000000000111110000000000000000000000000000000011100000000011111011111110000101111111011
0000000000000000000000111110011111000000000000000000000000011100000000011111011111110000101111111011
0000000000000000000000000000011111000000000000000000000000000000000000011111011111110000100000000011
0000000000000000111111111111000000000000000111111111100000000000000110011111000000000000100000000011
0000100000000000000000000000000000111111110111111111100000000000000110000000000000000000100000000011
0000000000000000011111111110000000000000000111111111100000000000000110111110000000000000000000000011
0000000000000000011111111110111111000000000111111111100111000000000110111110111111111111100000000011
0000000110000000000000000000111111011111110111111111100111000000000110111110111111111111100000000011
0000000000111111111111100000000000000000000111111111100111000000000110111110111111111111100000000000
0111110000111111111111100001111111111111110111111111100000000000000110111110111111111111100000000000
0111110000000000000000000001111111111111110111111111100000000000000110111110111111111111100000111111
0111110111111111000000000001111111111111110111111111100000000000000110111110111111111111100000111111
0111110111111111000011000001111111111111110111111111100000000000000110111110111111111111100000111111
0111110111111111000011000001111111111111110111111111100000000000000000111110111111111111100000111111
0111110111111111000011000001111111111111110111111111100000001111111110111110111111111111100000111111
0111110111111111000000000001111111111111110111111111100000001111111110111110111111111111100000111111
0111110000000000000000000001111111111111110000000000000000001111111110111110111111111111100000111111
0111110000000000000000001101111111111111110110010000000000001111111110111110111111111111100000000000
0111110000000000000000001101111111111111110110010000000000001111111110111110000000000000000000000100
0111110000000000000000001101111111111111110110000000000000001111111110000000000000000000000000000100
0000000000001111110000001101111111111111110110111111000000001111111110010000000000000000000000000000
0000000000001111110000001101111111111111110000000000000000001111111110010000000000000000000000000000
1000000000001111110000001101111111111111110011111111111110001111111110000000000000000000000000000000
0000110000000000000000001101111111111111110011111111111110001111111110000000000000000000000000000000
0000110001111100011000001101111111111111110011111111111110001111111110000000000000000000000000000000
0000110001111100011000001101111111111111110011111111111110101111111110000000001111100000000000000000
0000110001111100011000001101111111111111110011111111111110001111111110000000001111100000000000000000
0000000001111100000000001101111111111111110011111111111110001111111110000000001111100001111000000000
0000000001111100000000001101111111111111110011111111111110001111111110000011101111100001111000000000
0000000000000000000000001101111111111111110011111111111110000000000000000011101111100001111000000000
0000000000000000000000001101111111111111110011111111111110001111111000000011101111100001111000000000
0000000000000000000000000001111111111111110000000000000000001111111000000011101111100001111000000000
0000001111111111111111111101111111111111110111111111111000001111111000000011100000000001111000000000
0000001111111111111111111101111111111111110111111111111000001111111000000011100000000101111000010000
0000001111111111111111111101111111111111110000000000000000001111111000000011100000000101111000010000
0000001111111111111111111101111111111111110000000000000000001111111000000011100000000101111000010000
0000000000000000000000000001111111111111110000000000000000001111111000000011100000000100000000010111
0000000000110000000000000001111111111111110000000000000000001111111000000000000000000000000000010111
0000000000000000000000000001111111111111110000000000000000001111111011111111111111000110000000010111
0000000000000000000000000001111111111111110000000000000000001111111011111111111111000110000000010111
0000000000000000000000000001111111111111110000000000000000001111111011111111111111000000000000010000
0000000001110000000000001101111111111111110000000000000000001111111011111111111111000000000000010011
0000000001110000000000000001111111111111110000000000000000001111111011111111111111000000000000010011
0000000001110000011111111101111111111111110000000000000000001111111011111111111111000000000000010011
0000000001110000011111111101111111111111110000000000000000001111111011111111111111000000011111010011
0000000000000000011111111101111111111111110000000000000000000000000011111111111111000000011111010011
0000000000000000011111111101111111111111110000000000000000000000001011111111111111000000011111010011
0000000000000000000000000001111111111111110000000000000000000000001011111111111111000000011111010011
1111111111111111111111111101111111111111110100000000000000000000001011111111111111000000011111010011
1111111111111111111111111101111111111111110100000000000000000000000000000000000000000000000000000000
1111111111111111111111111101111111111111110000011101111111111111111111111111111111111111111111111111
1111111111111111111111111101111111111111110000011101111111111111111111111111111111111111111111111111
1111111111111111111111111101111111111111110000011101111111111111111111111111111111111111111111111111
1111111111111111111111111101111111111111110000011101111111111111111111111111111111111111111111111111
0000000000000000000000000001111111111111110000011101111111111111111111111111111111111111111111111111
0011110000000000000000000000000000000000000000000000000000000000000000000000000000000000000000000000
0011110000000011100000000111111111111111111111111111111111111111000000000000000000000000000000000000
0011110000000011100000000111111111111111111111111111111111111111000000000000011111111110000000000000
0011110000000011101100000111111111111111111111111111111111111111000000000000000000000000000000000000
0011110000000011100000000111111111111111111111111111111111111111000000011111111111111110000000110000
