0101001000000001000010010101111100110000
0000000100000000100000000001111100110100
0011100000000010001001100101111100000001
0011100000000000000000000001111101111101
1011101010100111111100010001111101111100
0000000000000111111101000101111101111100
0111111100000111111100000001111101111101
0111111100010111111101010001111101111100
0111111101000111111101000101111101111100
0111111100000111111100010001111101111101
0111111100110111111101000101111100000000
0111111100110111111100000001111100000000
0111111100110111111101000000000000111111
0111111100110111111100000100001010111111
0111111100110111111100010001001000111111
0111111100110111111101000000000000111111
0111111100110111111100001110001010111111
0111111100110111111100001110000000000000
0111111100110111111101001110000100001000
0111111100110111111100001110000000100010
0111111100110111111100101110000000000000
0111111100000111111100001110000000000011
0111111101110111111101101110000000101011
0111111101110111111100001110000000000011
0111111101110111111100001110100010100000
0111111101110111111100101110000000000001
0111111101110111111100001110101111100000
0111111101110111111100001110000000000001
0111111101110111111100101110101011100010
0111111101110111111100101110000011101000
0111111101110111111100101110100000000010
0111111101110111111100101110100010101001
0111111101110111111100101110000000000000
0111111101110111111100101110101000001000
0111111101110111111100101110101000001001
0111111101110111111100101110100000001000
0111111101110111111100101110001000001001
0111111101110111111100101110000000001000
0111111100000111111100001110000001101010
0111111101010111111100101110010101101000
