01000101001000000000000100000000000000000100001001
00000000010000001000100010000000000100000000000000
01010100000000000000000000000001000001010100010101
00000000000000000000100000100000000000000000000000
00000101001110001000000010000001000101000001000000
11110000000000000000000010101010000000011000000000
00000000000000000000100010000000000000011000000100
01100010111010111000000010010001001001000100000001
00000000000000000011100010000000000000000000000000
00100000000000000011100010000000000000000001011110
00100000000010010011100010010000000000000000011110
00000000000000000011100000000000000000000010011110
10001000000010000011100000011000000000000000000000
00000000000000100011100000011001000000000010010000
10100010000000001000000000000001000000000000010000
00000010000000100000000000000001000000000000010000
00100000000000000000100100001001000000000000000000
00001000000000000000011000000000000000000000000000
00000000000000001111100000001001000000000001000000
10000000000000100000000001000000001101101000010000
00000000000000000000000000011000000010000000001111
00000000000000010100001000011000000000011001001111
00000000000000010000000000011000000000000000001111
00000000000000010001000101011000000000001001001111
00000000000000010010000000011000000000000000001111
00000000000000010001000000011001110110100101001111
00000000000000010001010111011001110000000000001111
00000000000000010100000111011000000111111100001111
00000011111111010101000111011001110111111100001111
00000011111111010000000111011001110111111101001111
00000011111111010100010000011001110111111100001111
00000011111111000000000001011001110111111101001111
00000011111111010000010000011001110111111100001111
00000011111111000000000010011001110111111101001111
10001011111111000000100000011000000000000000000000
00000000000000000010010001011000000000110100001000
01111001011010000000000000011000000001001011000000
01111000000000001000000011011010000000110000100000
01111011000000000000000000000000000000000000000000
00000000000100010010000101000101000000001001001111
00001100001000000010000000010000000000100000101111
01001100000000100000000000000100000100000000000000
00001100010000101010100101000100000000101001000001
01010010000000000000000000000000000000000010000000
00000000001011100101000011000100000101101001000001
01001010000000000010010011000000000000000001000000
00000000000000000000000011001101000001010000000000
11111101001000000000001011001100010000000001001001
11111100000000101000000000000000000000100000000000
11111101001000010110000011100101000000010011111101
